<?xml version="1.0" encoding="UTF-8"?>
<!-- Generated by org.testng.reporters.JUnitReportReporter -->
<testsuite skipped="0" hostname="DESKTOP-TFIKAD1" name="com.tyss.frameworkscripts.Launch" tests="1" failures="0" timestamp="22 Jun 2020 12:58:14 GMT" time="8.385" errors="0">
  <testcase name="TC_01" time="8.385" classname="com.tyss.frameworkscripts.Launch"/>
</testsuite> <!-- com.tyss.frameworkscripts.Launch -->
