<?xml version="1.0" encoding="UTF-8"?>
<!-- Generated by org.testng.reporters.JUnitReportReporter -->
<testsuite skipped="0" hostname="DESKTOP-TFIKAD1" name="com.tyss.frameworkscripts.LoginTest1" tests="4" failures="0" timestamp="25 Jun 2020 13:34:04 GMT" time="66.076" errors="0">
  <testcase name="TC_03" time="16.137" classname="com.tyss.frameworkscripts.LoginTest1"/>
  <testcase name="TC_01" time="25.328" classname="com.tyss.frameworkscripts.LoginTest1"/>
  <testcase name="TC_04" time="12.910" classname="com.tyss.frameworkscripts.LoginTest1"/>
  <testcase name="TC_02" time="11.701" classname="com.tyss.frameworkscripts.LoginTest1"/>
</testsuite> <!-- com.tyss.frameworkscripts.LoginTest1 -->
