<?xml version="1.0" encoding="UTF-8"?>
<!-- Generated by org.testng.reporters.JUnitReportReporter -->
<testsuite skipped="0" hostname="DESKTOP-TFIKAD1" name="com.tyss.frameworkscripts.LoginTest" tests="1" failures="0" timestamp="02 Jul 2020 11:56:30 GMT" time="26.392" errors="0">
  <testcase name="TC_01" time="26.392" classname="com.tyss.frameworkscripts.LoginTest"/>
</testsuite> <!-- com.tyss.frameworkscripts.LoginTest -->
